[2021-12-03T15:42:23.696] [DEBUG] cheese - login => username:zy,password:123456
[2021-12-03T15:42:23.700] [DEBUG] cheese - zy
[2021-12-03T15:42:23.710] [DEBUG] cheese - null
[2021-12-03T15:42:23.711] [DEBUG] cheese - null
[2021-12-03T16:10:36.044] [DEBUG] cheese - login => username:admin,password:123456
[2021-12-03T16:10:36.044] [DEBUG] cheese - admin
[2021-12-03T16:14:26.692] [DEBUG] cheese - login => username:admin,password:123456
[2021-12-03T16:14:26.692] [DEBUG] cheese - admin
[2021-12-03T16:14:26.699] [DEBUG] cheese - login => username:admin,password:123456
[2021-12-03T16:14:26.700] [DEBUG] cheese - admin
[2021-12-03T16:14:26.705] [DEBUG] cheese - login => username:admi,password:123456
[2021-12-03T16:14:26.705] [DEBUG] cheese - admi
[2021-12-03T16:14:26.711] [DEBUG] cheese - login => username:zy,password:123456
[2021-12-03T16:14:26.711] [DEBUG] cheese - zy
[2021-12-03T16:14:26.721] [DEBUG] cheese - null
[2021-12-03T16:14:26.721] [DEBUG] cheese - null
[2021-12-03T16:14:26.861] [DEBUG] cheese - null
[2021-12-03T16:14:26.861] [DEBUG] cheese - null
[2021-12-03T16:14:26.945] [DEBUG] cheese - null
[2021-12-03T16:14:26.945] [DEBUG] cheese - null
[2021-12-03T16:14:27.024] [DEBUG] cheese - null
[2021-12-03T16:14:27.024] [DEBUG] cheese - null
[2021-12-03T16:14:27.026] [DEBUG] cheese - null
[2021-12-03T16:14:27.026] [DEBUG] cheese - null
[2021-12-03T16:17:34.499] [DEBUG] cheese - login => username:zy,password:123456
[2021-12-03T16:17:34.516] [DEBUG] cheese - zy
[2021-12-03T16:17:34.617] [DEBUG] cheese - null
[2021-12-03T16:17:34.621] [DEBUG] cheese - null
[2021-12-03T16:17:47.842] [DEBUG] cheese - login => username:admin,password:123456
[2021-12-03T16:17:47.843] [DEBUG] cheese - admin
[2021-12-03T16:17:47.851] [DEBUG] cheese - null
[2021-12-03T16:17:47.851] [DEBUG] cheese - null
[2021-12-04T18:19:27.562] [DEBUG] cheese - login => username:admin,password:123456
[2021-12-04T18:19:27.570] [DEBUG] cheese - admin
[2021-12-04T18:19:27.629] [DEBUG] cheese - null
[2021-12-04T18:19:27.630] [DEBUG] cheese - null
[2021-12-04T18:20:35.891] [DEBUG] cheese - login => username:zyas,password:123ssaasa
[2021-12-04T18:20:35.891] [DEBUG] cheese - zyas
[2021-12-04T18:20:35.894] [DEBUG] cheese - null
[2021-12-04T18:20:35.894] [DEBUG] cheese - null
[2021-12-04T18:21:36.296] [DEBUG] cheese - login => username:zys,password:123sasasas
[2021-12-04T18:21:36.296] [DEBUG] cheese - zys
[2021-12-04T18:21:36.298] [DEBUG] cheese - null
[2021-12-04T18:21:36.298] [DEBUG] cheese - null
[2021-12-04T18:21:54.199] [DEBUG] cheese - login => username:admin,password:123456
[2021-12-04T18:21:54.200] [DEBUG] cheese - admin
[2021-12-04T18:21:54.202] [DEBUG] cheese - null
[2021-12-04T18:21:54.202] [DEBUG] cheese - null
[2021-12-04T18:24:23.505] [DEBUG] cheese - login => username:zyasas,password:123dsdsdda
[2021-12-04T18:24:23.505] [DEBUG] cheese - zyasas
[2021-12-04T18:24:23.507] [DEBUG] cheese - null
[2021-12-04T18:24:23.507] [DEBUG] cheese - null
[2021-12-04T18:26:56.831] [DEBUG] cheese - login => username:zysasa,password:123sasasa
[2021-12-04T18:26:56.831] [DEBUG] cheese - zysasa
[2021-12-04T18:26:56.833] [DEBUG] cheese - null
[2021-12-04T18:26:56.833] [DEBUG] cheese - null
[2021-12-04T18:27:09.396] [DEBUG] cheese - login => username:admin,password:123456
[2021-12-04T18:27:09.397] [DEBUG] cheese - admin
[2021-12-04T18:27:09.402] [DEBUG] cheese - null
[2021-12-04T18:27:09.402] [DEBUG] cheese - null
[2021-12-05T20:11:13.213] [DEBUG] cheese - login => username:zysasa,password:123sasasa
[2021-12-05T20:11:13.217] [DEBUG] cheese - zysasa
[2021-12-05T20:11:13.233] [DEBUG] cheese - null
[2021-12-05T20:11:13.234] [DEBUG] cheese - null
[2021-12-05T20:12:13.444] [DEBUG] cheese - login => username:zysasa,password:123sasasas
[2021-12-05T20:12:13.445] [DEBUG] cheese - zysasa
[2021-12-05T20:12:13.452] [DEBUG] cheese - null
[2021-12-05T20:12:13.452] [DEBUG] cheese - null
[2021-12-05T20:12:55.474] [DEBUG] cheese - login => username:zysas,password:123sasas
[2021-12-05T20:12:55.475] [DEBUG] cheese - zysas
[2021-12-05T20:12:55.477] [DEBUG] cheese - null
[2021-12-05T20:12:55.477] [DEBUG] cheese - null
[2021-12-05T20:13:41.576] [DEBUG] cheese - login => username:admin,password:123456
[2021-12-05T20:13:41.576] [DEBUG] cheese - admin
[2021-12-05T20:13:41.582] [DEBUG] cheese - null
[2021-12-05T20:13:41.582] [DEBUG] cheese - null
[2021-12-05T20:30:47.245] [DEBUG] cheese - login => username:zyasas,password:123sasasa
[2021-12-05T20:30:47.245] [DEBUG] cheese - zyasas
[2021-12-05T20:30:47.246] [DEBUG] cheese - null
[2021-12-05T20:30:47.246] [DEBUG] cheese - null
[2021-12-05T20:30:59.578] [DEBUG] cheese - login => username:admin,password:123456
[2021-12-05T20:30:59.578] [DEBUG] cheese - admin
[2021-12-05T20:30:59.580] [DEBUG] cheese - null
[2021-12-05T20:30:59.580] [DEBUG] cheese - null
[2021-12-05T20:31:25.930] [DEBUG] cheese - login => username:admin,password:123456
[2021-12-05T20:31:25.930] [DEBUG] cheese - admin
[2021-12-05T20:31:25.932] [DEBUG] cheese - null
[2021-12-05T20:31:25.932] [DEBUG] cheese - null
[2021-12-05T20:31:30.768] [DEBUG] cheese - login => username:zysasa,password:123sasasa
[2021-12-05T20:31:30.768] [DEBUG] cheese - zysasa
[2021-12-05T20:31:30.770] [DEBUG] cheese - null
[2021-12-05T20:31:30.770] [DEBUG] cheese - null
[2021-12-05T20:43:10.614] [DEBUG] cheese - login => username:admin,password:123456
[2021-12-05T20:43:10.614] [DEBUG] cheese - admin
[2021-12-05T20:43:10.616] [DEBUG] cheese - null
[2021-12-05T20:43:10.617] [DEBUG] cheese - null
[2021-12-05T20:52:09.626] [DEBUG] cheese - login => username:admin,password:123456
[2021-12-05T20:52:09.626] [DEBUG] cheese - admin
[2021-12-05T20:52:09.628] [DEBUG] cheese - null
[2021-12-05T20:52:09.628] [DEBUG] cheese - null
[2021-12-05T20:53:07.149] [DEBUG] cheese - login => username:admin,password:123456
[2021-12-05T20:53:07.149] [DEBUG] cheese - admin
[2021-12-05T20:53:07.150] [DEBUG] cheese - null
[2021-12-05T20:53:07.150] [DEBUG] cheese - null
[2021-12-05T20:56:42.782] [DEBUG] cheese - login => username:admin,password:123456
[2021-12-05T20:56:42.782] [DEBUG] cheese - admin
[2021-12-05T20:56:42.784] [DEBUG] cheese - null
[2021-12-05T20:56:42.784] [DEBUG] cheese - null
[2021-12-05T20:57:27.337] [DEBUG] cheese - login => username:admin,password:123456
[2021-12-05T20:57:27.337] [DEBUG] cheese - admin
[2021-12-05T20:57:27.338] [DEBUG] cheese - null
[2021-12-05T20:57:27.338] [DEBUG] cheese - null
[2021-12-05T20:57:44.049] [DEBUG] cheese - login => username:admin,password:123456
[2021-12-05T20:57:44.050] [DEBUG] cheese - admin
[2021-12-05T20:57:44.052] [DEBUG] cheese - null
[2021-12-05T20:57:44.052] [DEBUG] cheese - null
[2021-12-05T21:05:00.380] [DEBUG] cheese - login => username:admin,password:123456
[2021-12-05T21:05:00.380] [DEBUG] cheese - admin
[2021-12-05T21:05:00.383] [DEBUG] cheese - null
[2021-12-05T21:05:00.384] [DEBUG] cheese - null
[2021-12-05T21:05:13.011] [DEBUG] cheese - login => username:admin,password:123456
[2021-12-05T21:05:13.011] [DEBUG] cheese - admin
[2021-12-05T21:05:13.015] [DEBUG] cheese - null
[2021-12-05T21:05:13.015] [DEBUG] cheese - null
[2021-12-05T21:10:59.249] [DEBUG] cheese - login => username:admin,password:123456
[2021-12-05T21:10:59.250] [DEBUG] cheese - admin
[2021-12-05T21:10:59.253] [DEBUG] cheese - null
[2021-12-05T21:10:59.253] [DEBUG] cheese - null
[2021-12-05T21:30:01.632] [DEBUG] cheese - login => username:admin,password:123456
[2021-12-05T21:30:01.632] [DEBUG] cheese - admin
[2021-12-05T21:30:01.636] [DEBUG] cheese - null
[2021-12-05T21:30:01.636] [DEBUG] cheese - null
[2021-12-05T21:30:30.090] [DEBUG] cheese - login => username:admin,password:123456
[2021-12-05T21:30:30.090] [DEBUG] cheese - admin
[2021-12-05T21:30:30.092] [DEBUG] cheese - null
[2021-12-05T21:30:30.092] [DEBUG] cheese - null
[2021-12-05T21:31:36.080] [DEBUG] cheese - login => username:admin,password:123456
[2021-12-05T21:31:36.080] [DEBUG] cheese - admin
[2021-12-05T21:31:36.082] [DEBUG] cheese - null
[2021-12-05T21:31:36.082] [DEBUG] cheese - null
[2021-12-06T08:47:27.927] [DEBUG] cheese - login => username:admin,password:123456
[2021-12-06T08:47:27.929] [DEBUG] cheese - admin
[2021-12-06T08:47:27.941] [DEBUG] cheese - null
[2021-12-06T08:47:27.941] [DEBUG] cheese - null
[2021-12-06T08:47:59.585] [DEBUG] cheese - login => username:admin,password:123456
[2021-12-06T08:47:59.585] [DEBUG] cheese - admin
[2021-12-06T08:47:59.588] [DEBUG] cheese - null
[2021-12-06T08:47:59.588] [DEBUG] cheese - null
[2021-12-06T09:06:19.221] [DEBUG] cheese - login => username:admin,password:123456
[2021-12-06T09:06:19.222] [DEBUG] cheese - admin
[2021-12-06T09:06:19.227] [DEBUG] cheese - null
[2021-12-06T09:06:19.227] [DEBUG] cheese - null
[2021-12-06T09:16:59.302] [DEBUG] cheese - login => username:admin,password:123456
[2021-12-06T09:16:59.303] [DEBUG] cheese - admin
[2021-12-06T09:16:59.311] [DEBUG] cheese - null
[2021-12-06T09:16:59.312] [DEBUG] cheese - null
[2021-12-06T10:36:30.105] [DEBUG] cheese - login => username:admin,password:123456
[2021-12-06T10:36:30.106] [DEBUG] cheese - admin
[2021-12-06T10:36:30.113] [DEBUG] cheese - null
[2021-12-06T10:36:30.113] [DEBUG] cheese - null
[2021-12-06T10:38:04.203] [DEBUG] cheese - login => username:admin,password:123456
[2021-12-06T10:38:04.203] [DEBUG] cheese - admin
[2021-12-06T10:38:04.210] [DEBUG] cheese - null
[2021-12-06T10:38:04.210] [DEBUG] cheese - null
[2021-12-06T11:02:45.158] [DEBUG] cheese - login => username:admin,password:123456
[2021-12-06T11:02:45.158] [DEBUG] cheese - admin
[2021-12-06T11:02:45.163] [DEBUG] cheese - null
[2021-12-06T11:02:45.163] [DEBUG] cheese - null
[2021-12-06T11:02:59.340] [DEBUG] cheese - login => username:admin,password:123456
[2021-12-06T11:02:59.340] [DEBUG] cheese - admin
[2021-12-06T11:02:59.342] [DEBUG] cheese - null
[2021-12-06T11:02:59.342] [DEBUG] cheese - null
[2021-12-06T11:05:12.194] [DEBUG] cheese - login => username:admin,password:123456
[2021-12-06T11:05:12.194] [DEBUG] cheese - admin
[2021-12-06T11:05:12.196] [DEBUG] cheese - null
[2021-12-06T11:05:12.196] [DEBUG] cheese - null
[2021-12-06T11:05:58.642] [DEBUG] cheese - login => username:admin,password:123456
[2021-12-06T11:05:58.642] [DEBUG] cheese - admin
[2021-12-06T11:05:58.649] [DEBUG] cheese - null
[2021-12-06T11:05:58.649] [DEBUG] cheese - null
[2021-12-06T11:07:32.638] [DEBUG] cheese - login => username:admin,password:123456
[2021-12-06T11:07:32.638] [DEBUG] cheese - admin
[2021-12-06T11:07:32.639] [DEBUG] cheese - null
[2021-12-06T11:07:32.639] [DEBUG] cheese - null
[2021-12-06T11:09:05.140] [DEBUG] cheese - login => username:admin,password:123456
[2021-12-06T11:09:05.140] [DEBUG] cheese - admin
[2021-12-06T11:09:05.146] [DEBUG] cheese - null
[2021-12-06T11:09:05.146] [DEBUG] cheese - null
[2021-12-06T11:10:54.107] [DEBUG] cheese - login => username:admin,password:123456
[2021-12-06T11:10:54.107] [DEBUG] cheese - admin
[2021-12-06T11:10:54.109] [DEBUG] cheese - null
[2021-12-06T11:10:54.109] [DEBUG] cheese - null
[2021-12-06T11:11:50.330] [DEBUG] cheese - login => username:admin,password:123456
[2021-12-06T11:11:50.330] [DEBUG] cheese - admin
[2021-12-06T11:11:50.336] [DEBUG] cheese - null
[2021-12-06T11:11:50.336] [DEBUG] cheese - null
[2021-12-06T11:12:14.331] [DEBUG] cheese - login => username:admin,password:123456
[2021-12-06T11:12:14.332] [DEBUG] cheese - admin
[2021-12-06T11:12:14.334] [DEBUG] cheese - null
[2021-12-06T11:12:14.334] [DEBUG] cheese - null
[2021-12-06T11:17:15.968] [DEBUG] cheese - login => username:admin,password:123456
[2021-12-06T11:17:15.968] [DEBUG] cheese - admin
[2021-12-06T11:17:15.971] [DEBUG] cheese - null
[2021-12-06T11:17:15.972] [DEBUG] cheese - null
[2021-12-06T11:17:18.073] [DEBUG] cheese - login => username:admin,password:123456
[2021-12-06T11:17:18.074] [DEBUG] cheese - admin
[2021-12-06T11:17:18.075] [DEBUG] cheese - null
[2021-12-06T11:17:18.075] [DEBUG] cheese - null
[2021-12-06T11:17:19.725] [DEBUG] cheese - login => username:admin,password:123456
[2021-12-06T11:17:19.725] [DEBUG] cheese - admin
[2021-12-06T11:17:19.727] [DEBUG] cheese - null
[2021-12-06T11:17:19.727] [DEBUG] cheese - null
[2021-12-06T11:34:25.802] [DEBUG] cheese - login => username:admin,password:123456
[2021-12-06T11:34:25.802] [DEBUG] cheese - admin
[2021-12-06T11:34:25.804] [DEBUG] cheese - null
[2021-12-06T11:34:25.804] [DEBUG] cheese - null
[2021-12-06T11:40:33.224] [DEBUG] cheese - login => username:admin,password:123456
[2021-12-06T11:40:33.224] [DEBUG] cheese - admin
[2021-12-06T11:40:33.229] [DEBUG] cheese - null
[2021-12-06T11:40:33.229] [DEBUG] cheese - null
[2021-12-06T13:50:09.502] [DEBUG] cheese - login => username:admin,password:123456
[2021-12-06T13:50:09.503] [DEBUG] cheese - admin
[2021-12-06T13:50:09.515] [DEBUG] cheese - null
[2021-12-06T13:50:09.515] [DEBUG] cheese - null
[2021-12-06T13:50:15.173] [DEBUG] cheese - login => username:admin,password:123456
[2021-12-06T13:50:15.173] [DEBUG] cheese - admin
[2021-12-06T13:50:15.174] [DEBUG] cheese - null
[2021-12-06T13:50:15.174] [DEBUG] cheese - null
[2021-12-06T13:50:18.138] [DEBUG] cheese - login => username:admin,password:123456
[2021-12-06T13:50:18.138] [DEBUG] cheese - admin
[2021-12-06T13:50:18.140] [DEBUG] cheese - null
[2021-12-06T13:50:18.140] [DEBUG] cheese - null
[2021-12-06T13:50:19.866] [DEBUG] cheese - login => username:admin,password:123456
[2021-12-06T13:50:19.866] [DEBUG] cheese - admin
[2021-12-06T13:50:19.868] [DEBUG] cheese - null
[2021-12-06T13:50:19.868] [DEBUG] cheese - null
[2021-12-06T13:50:22.015] [DEBUG] cheese - login => username:admin,password:123456
[2021-12-06T13:50:22.016] [DEBUG] cheese - admin
[2021-12-06T13:50:22.017] [DEBUG] cheese - null
[2021-12-06T13:50:22.017] [DEBUG] cheese - null
[2021-12-06T13:50:35.424] [DEBUG] cheese - login => username:admin,password:123456
[2021-12-06T13:50:35.424] [DEBUG] cheese - admin
[2021-12-06T13:50:35.426] [DEBUG] cheese - null
[2021-12-06T13:50:35.426] [DEBUG] cheese - null
[2021-12-06T13:52:04.829] [DEBUG] cheese - login => username:admin,password:123456
[2021-12-06T13:52:04.829] [DEBUG] cheese - admin
[2021-12-06T13:52:04.832] [DEBUG] cheese - null
[2021-12-06T13:52:04.832] [DEBUG] cheese - null
[2021-12-06T14:39:32.591] [DEBUG] cheese - login => username:admin,password:123456
[2021-12-06T14:39:32.591] [DEBUG] cheese - admin
[2021-12-06T14:39:32.596] [DEBUG] cheese - null
[2021-12-06T14:39:32.596] [DEBUG] cheese - null
[2021-12-06T14:39:35.846] [DEBUG] cheese - login => username:admin,password:123456
[2021-12-06T14:39:35.846] [DEBUG] cheese - admin
[2021-12-06T14:39:35.848] [DEBUG] cheese - null
[2021-12-06T14:39:35.848] [DEBUG] cheese - null
[2021-12-06T16:48:43.014] [DEBUG] cheese - login => username:admin,password:123456
[2021-12-06T16:48:43.015] [DEBUG] cheese - admin
[2021-12-06T16:48:43.020] [DEBUG] cheese - null
[2021-12-06T16:48:43.020] [DEBUG] cheese - null
[2021-12-06T16:51:11.848] [DEBUG] cheese - login => username:admin,password:123456
[2021-12-06T16:51:11.849] [DEBUG] cheese - admin
[2021-12-06T16:51:11.852] [DEBUG] cheese - null
[2021-12-06T16:51:11.852] [DEBUG] cheese - null
[2021-12-06T16:53:17.437] [DEBUG] cheese - login => username:admin,password:123456
[2021-12-06T16:53:17.437] [DEBUG] cheese - admin
[2021-12-06T16:53:17.442] [DEBUG] cheese - null
[2021-12-06T16:53:17.442] [DEBUG] cheese - null
[2021-12-06T17:03:23.205] [DEBUG] cheese - login => username:admin,password:123456
[2021-12-06T17:03:23.205] [DEBUG] cheese - admin
[2021-12-06T17:03:23.207] [DEBUG] cheese - null
[2021-12-06T17:03:23.207] [DEBUG] cheese - null
[2021-12-06T17:42:50.934] [DEBUG] cheese - login => username:admin,password:123456
[2021-12-06T17:42:50.935] [DEBUG] cheese - admin
[2021-12-06T17:42:50.938] [DEBUG] cheese - null
[2021-12-06T17:42:50.939] [DEBUG] cheese - null
[2021-12-06T17:47:16.349] [DEBUG] cheese - login => username:admin,password:123456
[2021-12-06T17:47:16.349] [DEBUG] cheese - admin
[2021-12-06T17:47:16.350] [DEBUG] cheese - null
[2021-12-06T17:47:16.350] [DEBUG] cheese - null
[2021-12-06T17:48:02.262] [DEBUG] cheese - login => username:admin,password:123456
[2021-12-06T17:48:02.262] [DEBUG] cheese - admin
[2021-12-06T17:48:02.263] [DEBUG] cheese - null
[2021-12-06T17:48:02.263] [DEBUG] cheese - null
[2021-12-06T19:33:44.424] [DEBUG] cheese - login => username:admin,password:123456
[2021-12-06T19:33:44.425] [DEBUG] cheese - admin
[2021-12-06T19:33:44.430] [DEBUG] cheese - null
[2021-12-06T19:33:44.430] [DEBUG] cheese - null
[2021-12-06T19:33:47.522] [DEBUG] cheese - login => username:admin,password:123456
[2021-12-06T19:33:47.522] [DEBUG] cheese - admin
[2021-12-06T19:33:47.526] [DEBUG] cheese - null
[2021-12-06T19:33:47.526] [DEBUG] cheese - null
[2021-12-06T21:34:39.093] [DEBUG] cheese - login => username:admin,password:123456
[2021-12-06T21:34:39.094] [DEBUG] cheese - admin
[2021-12-06T21:34:39.106] [DEBUG] cheese - null
[2021-12-06T21:34:39.106] [DEBUG] cheese - null
[2021-12-07T10:11:43.052] [DEBUG] cheese - login => username:admin,password:123456
[2021-12-07T10:11:43.054] [DEBUG] cheese - admin
[2021-12-07T10:11:43.066] [DEBUG] cheese - null
[2021-12-07T10:11:43.066] [DEBUG] cheese - null
[2021-12-07T10:33:56.577] [DEBUG] cheese - login => username:admin,password:123456
[2021-12-07T10:33:56.577] [DEBUG] cheese - admin
[2021-12-07T10:33:56.579] [DEBUG] cheese - null
[2021-12-07T10:33:56.580] [DEBUG] cheese - null
[2021-12-07T10:54:11.537] [DEBUG] cheese - login => username:admin,password:123456
[2021-12-07T10:54:11.537] [DEBUG] cheese - admin
[2021-12-07T10:54:11.539] [DEBUG] cheese - null
[2021-12-07T10:54:11.539] [DEBUG] cheese - null
[2021-12-07T10:54:18.611] [DEBUG] cheese - login => username:admin,password:123456
[2021-12-07T10:54:18.611] [DEBUG] cheese - admin
[2021-12-07T10:54:18.614] [DEBUG] cheese - null
[2021-12-07T10:54:18.614] [DEBUG] cheese - null
[2021-12-07T10:54:34.717] [DEBUG] cheese - login => username:admin,password:123456
[2021-12-07T10:54:34.717] [DEBUG] cheese - admin
[2021-12-07T10:54:34.719] [DEBUG] cheese - null
[2021-12-07T10:54:34.719] [DEBUG] cheese - null
[2021-12-07T11:02:48.675] [DEBUG] cheese - login => username:admin,password:123456
[2021-12-07T11:02:48.675] [DEBUG] cheese - admin
[2021-12-07T11:02:48.676] [DEBUG] cheese - null
[2021-12-07T11:02:48.676] [DEBUG] cheese - null
[2021-12-07T11:05:26.891] [DEBUG] cheese - login => username:admin,password:123456
[2021-12-07T11:05:26.892] [DEBUG] cheese - admin
[2021-12-07T11:05:26.893] [DEBUG] cheese - null
[2021-12-07T11:05:26.893] [DEBUG] cheese - null
[2021-12-07T11:05:28.991] [DEBUG] cheese - login => username:admin,password:123456
[2021-12-07T11:05:28.991] [DEBUG] cheese - admin
[2021-12-07T11:05:28.993] [DEBUG] cheese - null
[2021-12-07T11:05:28.993] [DEBUG] cheese - null
[2021-12-07T11:05:35.097] [DEBUG] cheese - login => username:admin,password:123456
[2021-12-07T11:05:35.097] [DEBUG] cheese - admin
[2021-12-07T11:05:35.099] [DEBUG] cheese - null
[2021-12-07T11:05:35.099] [DEBUG] cheese - null
[2021-12-07T11:05:44.018] [DEBUG] cheese - login => username:admin,password:123456
[2021-12-07T11:05:44.018] [DEBUG] cheese - admin
[2021-12-07T11:05:44.019] [DEBUG] cheese - null
[2021-12-07T11:05:44.019] [DEBUG] cheese - null
[2021-12-07T11:09:40.402] [DEBUG] cheese - login => username:admin,password:123456
[2021-12-07T11:09:40.402] [DEBUG] cheese - admin
[2021-12-07T11:09:40.403] [DEBUG] cheese - null
[2021-12-07T11:09:40.403] [DEBUG] cheese - null
[2021-12-07T11:09:41.582] [DEBUG] cheese - login => username:admin,password:123456
[2021-12-07T11:09:41.582] [DEBUG] cheese - admin
[2021-12-07T11:09:41.585] [DEBUG] cheese - null
[2021-12-07T11:09:41.585] [DEBUG] cheese - null
[2021-12-07T11:09:41.718] [DEBUG] cheese - login => username:admin,password:123456
[2021-12-07T11:09:41.719] [DEBUG] cheese - admin
[2021-12-07T11:09:41.720] [DEBUG] cheese - null
[2021-12-07T11:09:41.720] [DEBUG] cheese - null
[2021-12-07T11:10:17.666] [DEBUG] cheese - login => username:admin,password:123456
[2021-12-07T11:10:17.666] [DEBUG] cheese - admin
[2021-12-07T11:10:17.667] [DEBUG] cheese - null
[2021-12-07T11:10:17.668] [DEBUG] cheese - null
[2021-12-07T11:10:22.230] [DEBUG] cheese - login => username:admin,password:123456
[2021-12-07T11:10:22.230] [DEBUG] cheese - admin
[2021-12-07T11:10:22.231] [DEBUG] cheese - null
[2021-12-07T11:10:22.231] [DEBUG] cheese - null
[2021-12-07T11:10:25.303] [DEBUG] cheese - login => username:admin,password:123456
[2021-12-07T11:10:25.304] [DEBUG] cheese - admin
[2021-12-07T11:10:25.305] [DEBUG] cheese - null
[2021-12-07T11:10:25.305] [DEBUG] cheese - null
[2021-12-07T11:10:49.097] [DEBUG] cheese - login => username:admin,password:123456
[2021-12-07T11:10:49.097] [DEBUG] cheese - admin
[2021-12-07T11:10:49.098] [DEBUG] cheese - null
[2021-12-07T11:10:49.099] [DEBUG] cheese - null
[2021-12-07T11:10:52.142] [DEBUG] cheese - login => username:admin,password:123456
[2021-12-07T11:10:52.142] [DEBUG] cheese - admin
[2021-12-07T11:10:52.144] [DEBUG] cheese - null
[2021-12-07T11:10:52.144] [DEBUG] cheese - null
[2021-12-07T11:10:55.984] [DEBUG] cheese - login => username:admin11,password:123456
[2021-12-07T11:10:55.984] [DEBUG] cheese - admin11
[2021-12-07T11:10:55.986] [DEBUG] cheese - null
[2021-12-07T11:10:55.986] [DEBUG] cheese - null
[2021-12-07T11:11:04.096] [DEBUG] cheese - login => username:admin,password:123456
[2021-12-07T11:11:04.096] [DEBUG] cheese - admin
[2021-12-07T11:11:04.097] [DEBUG] cheese - null
[2021-12-07T11:11:04.097] [DEBUG] cheese - null
[2021-12-07T11:11:35.112] [DEBUG] cheese - login => username:adminqwq,password:123456
[2021-12-07T11:11:35.112] [DEBUG] cheese - adminqwq
[2021-12-07T11:11:35.113] [DEBUG] cheese - null
[2021-12-07T11:11:35.113] [DEBUG] cheese - null
[2021-12-07T11:11:40.424] [DEBUG] cheese - login => username:admin,password:123456
[2021-12-07T11:11:40.424] [DEBUG] cheese - admin
[2021-12-07T11:11:40.426] [DEBUG] cheese - null
[2021-12-07T11:11:40.426] [DEBUG] cheese - null
[2021-12-07T11:11:49.360] [DEBUG] cheese - login => username:admin,password:123456
[2021-12-07T11:11:49.360] [DEBUG] cheese - admin
[2021-12-07T11:11:49.362] [DEBUG] cheese - null
[2021-12-07T11:11:49.362] [DEBUG] cheese - null
[2021-12-07T11:11:53.110] [DEBUG] cheese - login => username:admin,password:123456
[2021-12-07T11:11:53.110] [DEBUG] cheese - admin
[2021-12-07T11:11:53.111] [DEBUG] cheese - null
[2021-12-07T11:11:53.111] [DEBUG] cheese - null
[2021-12-07T11:12:02.297] [DEBUG] cheese - login => username:admin,password:123456
[2021-12-07T11:12:02.297] [DEBUG] cheese - admin
[2021-12-07T11:12:02.299] [DEBUG] cheese - null
[2021-12-07T11:12:02.299] [DEBUG] cheese - null
[2021-12-07T11:12:04.454] [DEBUG] cheese - login => username:admin,password:123456
[2021-12-07T11:12:04.454] [DEBUG] cheese - admin
[2021-12-07T11:12:04.456] [DEBUG] cheese - null
[2021-12-07T11:12:04.456] [DEBUG] cheese - null
[2021-12-07T11:12:06.661] [DEBUG] cheese - login => username:admin,password:123456
[2021-12-07T11:12:06.661] [DEBUG] cheese - admin
[2021-12-07T11:12:06.663] [DEBUG] cheese - null
[2021-12-07T11:12:06.663] [DEBUG] cheese - null
[2021-12-07T11:12:57.058] [DEBUG] cheese - login => username:admin,password:123456
[2021-12-07T11:12:57.058] [DEBUG] cheese - admin
[2021-12-07T11:12:57.059] [DEBUG] cheese - null
[2021-12-07T11:12:57.059] [DEBUG] cheese - null
[2021-12-07T11:31:04.753] [DEBUG] cheese - login => username:admin,password:123456
[2021-12-07T11:31:04.753] [DEBUG] cheese - admin
[2021-12-07T11:31:04.755] [DEBUG] cheese - null
[2021-12-07T11:31:04.755] [DEBUG] cheese - null
[2021-12-07T11:31:46.082] [DEBUG] cheese - login => username:admin,password:123456
[2021-12-07T11:31:46.082] [DEBUG] cheese - admin
[2021-12-07T11:31:46.083] [DEBUG] cheese - null
[2021-12-07T11:31:46.084] [DEBUG] cheese - null
[2021-12-07T11:34:50.408] [DEBUG] cheese - login => username:admin,password:123456
[2021-12-07T11:34:50.408] [DEBUG] cheese - admin
[2021-12-07T11:34:50.410] [DEBUG] cheese - null
[2021-12-07T11:34:50.410] [DEBUG] cheese - null
[2021-12-07T11:39:46.472] [DEBUG] cheese - login => username:admin,password:123456
[2021-12-07T11:39:46.472] [DEBUG] cheese - admin
[2021-12-07T11:39:46.475] [DEBUG] cheese - null
[2021-12-07T11:39:46.475] [DEBUG] cheese - null
[2021-12-07T11:41:19.954] [DEBUG] cheese - login => username:admin,password:123456
[2021-12-07T11:41:19.954] [DEBUG] cheese - admin
[2021-12-07T11:41:19.955] [DEBUG] cheese - null
[2021-12-07T11:41:19.955] [DEBUG] cheese - null
[2021-12-07T11:53:42.920] [DEBUG] cheese - login => username:admin,password:123456
[2021-12-07T11:53:42.921] [DEBUG] cheese - admin
[2021-12-07T11:53:42.923] [DEBUG] cheese - null
[2021-12-07T11:53:42.923] [DEBUG] cheese - null
[2021-12-07T12:00:36.197] [DEBUG] cheese - login => username:admin,password:123456
[2021-12-07T12:00:36.197] [DEBUG] cheese - admin
[2021-12-07T12:00:36.199] [DEBUG] cheese - null
[2021-12-07T12:00:36.199] [DEBUG] cheese - null
[2021-12-07T12:00:42.741] [DEBUG] cheese - login => username:admin,password:123456
[2021-12-07T12:00:42.741] [DEBUG] cheese - admin
[2021-12-07T12:00:42.743] [DEBUG] cheese - null
[2021-12-07T12:00:42.743] [DEBUG] cheese - null
[2021-12-07T12:00:47.154] [DEBUG] cheese - login => username:admin,password:123456
[2021-12-07T12:00:47.154] [DEBUG] cheese - admin
[2021-12-07T12:00:47.155] [DEBUG] cheese - null
[2021-12-07T12:00:47.156] [DEBUG] cheese - null
[2021-12-07T12:00:52.797] [DEBUG] cheese - login => username:admin21,password:123456
[2021-12-07T12:00:52.797] [DEBUG] cheese - admin21
[2021-12-07T12:00:52.798] [DEBUG] cheese - null
[2021-12-07T12:00:52.798] [DEBUG] cheese - null
[2021-12-07T12:01:49.620] [DEBUG] cheese - login => username:admin,password:123456
[2021-12-07T12:01:49.621] [DEBUG] cheese - admin
[2021-12-07T12:01:49.622] [DEBUG] cheese - null
[2021-12-07T12:01:49.622] [DEBUG] cheese - null
[2021-12-07T13:20:18.161] [DEBUG] cheese - login => username:adminass,password:123456
[2021-12-07T13:20:18.162] [DEBUG] cheese - adminass
[2021-12-07T13:20:18.171] [DEBUG] cheese - null
[2021-12-07T13:20:18.171] [DEBUG] cheese - null
[2021-12-07T13:20:23.362] [DEBUG] cheese - login => username:admin,password:123456
[2021-12-07T13:20:23.362] [DEBUG] cheese - admin
[2021-12-07T13:20:23.366] [DEBUG] cheese - null
[2021-12-07T13:20:23.366] [DEBUG] cheese - null
[2021-12-07T13:20:40.687] [DEBUG] cheese - login => username:admin,password:123456
[2021-12-07T13:20:40.687] [DEBUG] cheese - admin
[2021-12-07T13:20:40.689] [DEBUG] cheese - null
[2021-12-07T13:20:40.689] [DEBUG] cheese - null
[2021-12-07T13:21:21.220] [DEBUG] cheese - login => username:admin,password:123456
[2021-12-07T13:21:21.220] [DEBUG] cheese - admin
[2021-12-07T13:21:21.221] [DEBUG] cheese - null
[2021-12-07T13:21:21.221] [DEBUG] cheese - null
[2021-12-07T13:27:05.451] [DEBUG] cheese - login => username:admin,password:123456
[2021-12-07T13:27:05.451] [DEBUG] cheese - admin
[2021-12-07T13:27:05.452] [DEBUG] cheese - null
[2021-12-07T13:27:05.452] [DEBUG] cheese - null
[2021-12-07T13:30:35.347] [DEBUG] cheese - login => username:admin,password:123456
[2021-12-07T13:30:35.347] [DEBUG] cheese - admin
[2021-12-07T13:30:35.348] [DEBUG] cheese - null
[2021-12-07T13:30:35.349] [DEBUG] cheese - null
[2021-12-07T13:30:57.739] [DEBUG] cheese - login => username:admin,password:123456
[2021-12-07T13:30:57.739] [DEBUG] cheese - admin
[2021-12-07T13:30:57.740] [DEBUG] cheese - null
[2021-12-07T13:30:57.740] [DEBUG] cheese - null
[2021-12-07T13:51:51.776] [DEBUG] cheese - login => username:admin,password:123456
[2021-12-07T13:51:51.776] [DEBUG] cheese - admin
[2021-12-07T13:51:51.778] [DEBUG] cheese - null
[2021-12-07T13:51:51.778] [DEBUG] cheese - null
[2021-12-07T13:54:34.721] [DEBUG] cheese - login => username:admin,password:123456
[2021-12-07T13:54:34.721] [DEBUG] cheese - admin
[2021-12-07T13:54:34.722] [DEBUG] cheese - null
[2021-12-07T13:54:34.722] [DEBUG] cheese - null
[2021-12-07T13:56:54.250] [DEBUG] cheese - login => username:admin,password:123456
[2021-12-07T13:56:54.250] [DEBUG] cheese - admin
[2021-12-07T13:56:54.252] [DEBUG] cheese - null
[2021-12-07T13:56:54.253] [DEBUG] cheese - null
[2021-12-07T14:02:07.527] [DEBUG] cheese - login => username:admin,password:123456
[2021-12-07T14:02:07.527] [DEBUG] cheese - admin
[2021-12-07T14:02:07.528] [DEBUG] cheese - null
[2021-12-07T14:02:07.528] [DEBUG] cheese - null
[2021-12-07T14:07:53.285] [DEBUG] cheese - login => username:admin,password:123456
[2021-12-07T14:07:53.286] [DEBUG] cheese - admin
[2021-12-07T14:07:53.290] [DEBUG] cheese - null
[2021-12-07T14:07:53.291] [DEBUG] cheese - null
[2021-12-07T14:09:18.747] [DEBUG] cheese - login => username:admin,password:123456
[2021-12-07T14:09:18.747] [DEBUG] cheese - admin
[2021-12-07T14:09:18.748] [DEBUG] cheese - null
[2021-12-07T14:09:18.748] [DEBUG] cheese - null
[2021-12-07T14:59:44.629] [DEBUG] cheese - login => username:admin,password:123456
[2021-12-07T14:59:44.630] [DEBUG] cheese - admin
[2021-12-07T14:59:44.634] [DEBUG] cheese - null
[2021-12-07T14:59:44.634] [DEBUG] cheese - null
[2021-12-07T16:07:52.979] [DEBUG] cheese - login => username:admin,password:123456
[2021-12-07T16:07:52.980] [DEBUG] cheese - admin
[2021-12-07T16:07:52.982] [DEBUG] cheese - null
[2021-12-07T16:07:52.983] [DEBUG] cheese - null
[2021-12-07T16:29:40.565] [DEBUG] cheese - login => username:admin,password:123456
[2021-12-07T16:29:40.565] [DEBUG] cheese - admin
[2021-12-07T16:29:40.568] [DEBUG] cheese - null
[2021-12-07T16:29:40.568] [DEBUG] cheese - null
[2021-12-07T16:43:53.355] [DEBUG] cheese - login => username:admin,password:123456
[2021-12-07T16:43:53.355] [DEBUG] cheese - admin
[2021-12-07T16:43:53.357] [DEBUG] cheese - null
[2021-12-07T16:43:53.357] [DEBUG] cheese - null
[2021-12-07T16:43:55.303] [DEBUG] cheese - login => username:admin,password:123456
[2021-12-07T16:43:55.303] [DEBUG] cheese - admin
[2021-12-07T16:43:55.305] [DEBUG] cheese - null
[2021-12-07T16:43:55.305] [DEBUG] cheese - null
[2021-12-07T16:43:57.347] [DEBUG] cheese - login => username:admin,password:123456
[2021-12-07T16:43:57.347] [DEBUG] cheese - admin
[2021-12-07T16:43:57.349] [DEBUG] cheese - null
[2021-12-07T16:43:57.349] [DEBUG] cheese - null
[2021-12-07T16:44:28.930] [DEBUG] cheese - login => username:admin,password:123456
[2021-12-07T16:44:28.930] [DEBUG] cheese - admin
[2021-12-07T16:44:28.933] [DEBUG] cheese - null
[2021-12-07T16:44:28.933] [DEBUG] cheese - null
[2021-12-08T11:35:57.909] [DEBUG] cheese - login => username:admin,password:123456
[2021-12-08T12:51:13.179] [DEBUG] cheese - login => username:admin,password:123456
[2021-12-08T12:51:13.189] [DEBUG] cheese - admin
[2021-12-08T12:51:13.213] [DEBUG] cheese - null
[2021-12-08T12:51:13.214] [DEBUG] cheese - null
[2021-12-08T20:23:18.109] [DEBUG] cheese - login => username:admin,password:123456
[2021-12-08T20:23:18.123] [DEBUG] cheese - admin
[2021-12-08T20:23:18.167] [DEBUG] cheese - null
[2021-12-08T20:23:18.171] [DEBUG] cheese - null
[2021-12-08T20:23:20.142] [DEBUG] cheese - login => username:admin,password:123456
[2021-12-08T20:23:20.143] [DEBUG] cheese - admin
[2021-12-08T20:23:20.153] [DEBUG] cheese - null
[2021-12-08T20:23:20.154] [DEBUG] cheese - null
[2021-12-08T20:26:02.086] [DEBUG] cheese - login => username:admin,password:123456
[2021-12-08T20:26:02.086] [DEBUG] cheese - admin
[2021-12-08T20:26:02.088] [DEBUG] cheese - null
[2021-12-08T20:26:02.088] [DEBUG] cheese - null
[2021-12-08T20:32:06.245] [DEBUG] cheese - login => username:admin,password:123456
[2021-12-08T20:32:06.246] [DEBUG] cheese - admin
[2021-12-08T20:32:06.247] [DEBUG] cheese - null
[2021-12-08T20:32:06.247] [DEBUG] cheese - null
[2021-12-08T20:32:09.002] [DEBUG] cheese - login => username:admin,password:123456
[2021-12-08T20:32:09.002] [DEBUG] cheese - admin
[2021-12-08T20:32:09.003] [DEBUG] cheese - null
[2021-12-08T20:32:09.003] [DEBUG] cheese - null
[2021-12-08T20:32:11.268] [DEBUG] cheese - login => username:admin,password:123456
[2021-12-08T20:32:11.268] [DEBUG] cheese - admin
[2021-12-08T20:32:11.270] [DEBUG] cheese - null
[2021-12-08T20:32:11.270] [DEBUG] cheese - null
[2021-12-08T20:32:18.732] [DEBUG] cheese - login => username:admin,password:123456
[2021-12-08T20:32:18.732] [DEBUG] cheese - admin
[2021-12-08T20:32:18.733] [DEBUG] cheese - null
[2021-12-08T20:32:18.733] [DEBUG] cheese - null
[2021-12-08T20:46:51.211] [DEBUG] cheese - login => username:admin,password:123456
[2021-12-08T20:46:51.211] [DEBUG] cheese - admin
[2021-12-08T20:46:51.212] [DEBUG] cheese - null
[2021-12-08T20:46:51.212] [DEBUG] cheese - null
[2021-12-08T21:40:47.504] [DEBUG] cheese - login => username:admin,password:123456
[2021-12-08T21:40:47.505] [DEBUG] cheese - admin
[2021-12-08T21:40:47.508] [DEBUG] cheese - null
[2021-12-08T21:40:47.508] [DEBUG] cheese - null
[2021-12-08T21:40:56.903] [DEBUG] cheese - login => username:admin,password:123456
[2021-12-08T21:40:56.903] [DEBUG] cheese - admin
[2021-12-08T21:40:56.906] [DEBUG] cheese - null
[2021-12-08T21:40:56.906] [DEBUG] cheese - null
[2021-12-09T14:00:34.700] [DEBUG] cheese - login => username:admin,password:123456
[2021-12-09T14:00:34.702] [DEBUG] cheese - admin
[2021-12-09T14:00:34.750] [DEBUG] cheese - null
[2021-12-09T14:00:34.751] [DEBUG] cheese - null
[2021-12-09T14:00:44.680] [DEBUG] cheese - login => username:admin,password:123456
[2021-12-09T14:00:44.680] [DEBUG] cheese - admin
[2021-12-09T14:00:44.682] [DEBUG] cheese - null
[2021-12-09T14:00:44.682] [DEBUG] cheese - null
[2021-12-09T14:18:20.305] [DEBUG] cheese - login => username:admin,password:123456
[2021-12-09T14:18:20.306] [DEBUG] cheese - admin
[2021-12-09T14:18:20.307] [DEBUG] cheese - null
[2021-12-09T14:18:20.307] [DEBUG] cheese - null
[2021-12-09T14:25:18.992] [DEBUG] cheese - login => username:admin,password:123456
[2021-12-09T14:25:18.992] [DEBUG] cheese - admin
[2021-12-09T14:25:18.994] [DEBUG] cheese - null
[2021-12-09T14:25:18.994] [DEBUG] cheese - null
[2021-12-09T14:53:04.384] [DEBUG] cheese - login => username:admin,password:123456
[2021-12-09T14:53:04.385] [DEBUG] cheese - admin
[2021-12-09T14:53:04.386] [DEBUG] cheese - null
[2021-12-09T14:53:04.387] [DEBUG] cheese - null
[2021-12-09T14:54:17.557] [DEBUG] cheese - login => username:admin,password:123456
[2021-12-09T14:54:17.557] [DEBUG] cheese - admin
[2021-12-09T14:54:17.558] [DEBUG] cheese - null
[2021-12-09T14:54:17.558] [DEBUG] cheese - null
[2021-12-09T15:00:51.765] [DEBUG] cheese - login => username:admin,password:123456
[2021-12-09T15:00:51.765] [DEBUG] cheese - admin
[2021-12-09T15:00:51.767] [DEBUG] cheese - null
[2021-12-09T15:00:51.767] [DEBUG] cheese - null
[2021-12-09T15:01:05.142] [DEBUG] cheese - login => username:admin,password:123456
[2021-12-09T15:01:05.142] [DEBUG] cheese - admin
[2021-12-09T15:01:05.144] [DEBUG] cheese - null
[2021-12-09T15:01:05.144] [DEBUG] cheese - null
[2021-12-09T15:37:28.086] [DEBUG] cheese - login => username:admin,password:123456
[2021-12-09T15:37:28.087] [DEBUG] cheese - admin
[2021-12-09T15:37:28.088] [DEBUG] cheese - null
[2021-12-09T15:37:28.088] [DEBUG] cheese - null
[2021-12-09T16:07:36.266] [DEBUG] cheese - login => username:admin,password:123456
[2021-12-09T16:07:36.266] [DEBUG] cheese - admin
[2021-12-09T16:07:36.268] [DEBUG] cheese - null
[2021-12-09T16:07:36.268] [DEBUG] cheese - null
[2021-12-09T16:26:06.270] [DEBUG] cheese - login => username:admin,password:123456
[2021-12-09T16:26:06.270] [DEBUG] cheese - admin
[2021-12-09T16:26:06.272] [DEBUG] cheese - null
[2021-12-09T16:26:06.272] [DEBUG] cheese - null
[2021-12-09T16:29:45.663] [DEBUG] cheese - login => username:admin,password:123456
[2021-12-09T16:29:45.664] [DEBUG] cheese - admin
[2021-12-09T16:29:45.666] [DEBUG] cheese - null
[2021-12-09T16:29:45.667] [DEBUG] cheese - null
[2021-12-09T20:30:34.610] [DEBUG] cheese - login => username:admin,password:123456
[2021-12-09T20:30:34.612] [DEBUG] cheese - admin
[2021-12-09T20:30:34.642] [DEBUG] cheese - null
[2021-12-09T20:30:34.643] [DEBUG] cheese - null
[2021-12-10T08:58:26.031] [DEBUG] cheese - login => username:admin,password:123456
[2021-12-10T08:58:26.033] [DEBUG] cheese - admin
[2021-12-10T08:58:26.044] [DEBUG] cheese - null
[2021-12-10T08:58:26.045] [DEBUG] cheese - null
[2021-12-10T09:07:42.913] [DEBUG] cheese - login => username:admin,password:123456
[2021-12-10T09:07:42.913] [DEBUG] cheese - admin
[2021-12-10T09:07:42.915] [DEBUG] cheese - null
[2021-12-10T09:07:42.915] [DEBUG] cheese - null
[2021-12-10T09:07:45.581] [DEBUG] cheese - login => username:admin,password:123456
[2021-12-10T09:07:45.581] [DEBUG] cheese - admin
[2021-12-10T09:07:45.582] [DEBUG] cheese - null
[2021-12-10T09:07:45.582] [DEBUG] cheese - null
[2021-12-10T11:28:00.109] [DEBUG] cheese - login => username:admin,password:123456
[2021-12-10T11:28:00.112] [DEBUG] cheese - admin
[2021-12-10T11:28:00.117] [DEBUG] cheese - null
[2021-12-10T11:28:00.118] [DEBUG] cheese - null
[2021-12-11T08:45:01.584] [DEBUG] cheese - login => username:admin,password:123456
[2021-12-11T08:45:01.586] [DEBUG] cheese - admin
[2021-12-11T08:45:01.602] [DEBUG] cheese - login => username:admin,password:123456
[2021-12-11T08:45:01.602] [DEBUG] cheese - admin
[2021-12-11T08:45:01.645] [DEBUG] cheese - null
[2021-12-11T08:45:01.646] [DEBUG] cheese - null
[2021-12-11T08:45:01.793] [DEBUG] cheese - null
[2021-12-11T08:45:01.793] [DEBUG] cheese - null
[2021-12-11T08:45:18.154] [DEBUG] cheese - login => username:admin,password:123456
[2021-12-11T08:45:18.154] [DEBUG] cheese - admin
[2021-12-11T08:45:18.156] [DEBUG] cheese - null
[2021-12-11T08:45:18.156] [DEBUG] cheese - null
[2021-12-11T08:45:37.570] [DEBUG] cheese - login => username:admin,password:123456
[2021-12-11T08:45:37.570] [DEBUG] cheese - admin
[2021-12-11T08:45:37.573] [DEBUG] cheese - null
[2021-12-11T08:45:37.574] [DEBUG] cheese - null
[2021-12-11T11:24:34.522] [DEBUG] cheese - login => username:admin,password:123456
[2021-12-11T11:24:34.523] [DEBUG] cheese - admin
[2021-12-11T11:24:34.527] [DEBUG] cheese - null
[2021-12-11T11:24:34.527] [DEBUG] cheese - null
[2021-12-14T10:21:28.780] [DEBUG] cheese - login => username:admin,password:123456
[2021-12-14T10:21:28.781] [DEBUG] cheese - admin
[2021-12-14T10:21:28.800] [DEBUG] cheese - null
[2021-12-14T10:21:28.800] [DEBUG] cheese - null
[2021-12-14T20:18:50.214] [DEBUG] cheese - login => username:admin,password:123456
[2021-12-14T20:18:50.215] [DEBUG] cheese - admin
[2021-12-14T20:18:50.224] [DEBUG] cheese - null
[2021-12-14T20:18:50.225] [DEBUG] cheese - null
[2021-12-14T21:25:55.384] [DEBUG] cheese - login => username:admin,password:123456
[2021-12-14T21:25:55.385] [DEBUG] cheese - admin
[2021-12-14T21:25:55.394] [DEBUG] cheese - null
[2021-12-14T21:25:55.394] [DEBUG] cheese - null
[2021-12-15T08:20:13.560] [DEBUG] cheese - login => username:admin,password:123456
[2021-12-15T08:20:13.561] [DEBUG] cheese - admin
[2021-12-15T08:20:13.625] [DEBUG] cheese - null
[2021-12-15T08:20:13.625] [DEBUG] cheese - null
[2021-12-15T08:28:23.516] [DEBUG] cheese - login => username:admin,password:123456
[2021-12-15T08:28:23.517] [DEBUG] cheese - admin
[2021-12-15T08:28:23.518] [DEBUG] cheese - null
[2021-12-15T08:28:23.518] [DEBUG] cheese - null
[2021-12-15T09:06:32.894] [DEBUG] cheese - login => username:admin,password:123456
[2021-12-15T09:06:32.895] [DEBUG] cheese - admin
[2021-12-15T09:06:32.898] [DEBUG] cheese - null
[2021-12-15T09:06:32.898] [DEBUG] cheese - null
[2021-12-15T10:13:31.834] [DEBUG] cheese - login => username:admin,password:123456
[2021-12-15T10:13:31.836] [DEBUG] cheese - admin
[2021-12-15T10:13:31.839] [DEBUG] cheese - null
[2021-12-15T10:13:31.839] [DEBUG] cheese - null
[2021-12-15T12:04:55.087] [DEBUG] cheese - login => username:admin,password:123456
[2021-12-15T12:04:55.088] [DEBUG] cheese - admin
[2021-12-15T12:04:55.092] [DEBUG] cheese - null
[2021-12-15T12:04:55.092] [DEBUG] cheese - null
[2021-12-15T14:00:29.564] [DEBUG] cheese - login => username:admin,password:123456
[2021-12-15T14:00:29.568] [DEBUG] cheese - admin
[2021-12-15T14:00:29.741] [DEBUG] cheese - null
[2021-12-15T14:00:29.741] [DEBUG] cheese - null
[2021-12-15T18:23:55.318] [DEBUG] cheese - login => username:admin,password:123456
[2021-12-15T18:23:55.321] [DEBUG] cheese - admin
[2021-12-15T18:23:55.427] [DEBUG] cheese - null
[2021-12-15T18:23:55.429] [DEBUG] cheese - null
[2021-12-15T20:22:01.444] [DEBUG] cheese - null
[2021-12-15T20:26:47.946] [DEBUG] cheese - null
[2021-12-15T20:26:51.285] [DEBUG] cheese - null
[2021-12-15T20:33:05.107] [DEBUG] cheese - null
[2021-12-15T20:33:08.019] [DEBUG] cheese - null
[2021-12-15T20:33:13.680] [DEBUG] cheese - null
[2021-12-16T08:27:44.103] [DEBUG] cheese - login => username:admin,password:123456
[2021-12-16T08:27:44.106] [DEBUG] cheese - admin
[2021-12-16T08:27:44.134] [DEBUG] cheese - null
[2021-12-16T08:27:44.135] [DEBUG] cheese - null
[2021-12-20T08:45:30.648] [DEBUG] cheese - login => username:admin,password:123456
[2021-12-20T08:45:30.650] [DEBUG] cheese - admin
[2021-12-20T08:45:30.734] [DEBUG] cheese - null
[2021-12-20T08:45:30.735] [DEBUG] cheese - null
[2021-12-20T11:47:34.251] [DEBUG] cheese - login => username:admin,password:123456
[2021-12-20T11:47:34.262] [DEBUG] cheese - admin
[2021-12-20T11:47:34.325] [DEBUG] cheese - null
[2021-12-20T11:47:34.328] [DEBUG] cheese - null
[2021-12-20T12:18:07.784] [DEBUG] cheese - login => username:admin,password:123456
[2021-12-20T12:18:07.787] [DEBUG] cheese - admin
[2021-12-20T12:18:07.790] [DEBUG] cheese - null
[2021-12-20T12:18:07.790] [DEBUG] cheese - null
[2021-12-20T16:58:23.612] [DEBUG] cheese - login => username:admin,password:123456
[2021-12-20T16:58:23.615] [DEBUG] cheese - admin
[2021-12-20T16:58:23.644] [DEBUG] cheese - null
[2021-12-20T16:58:23.645] [DEBUG] cheese - null
[2021-12-20T18:06:24.916] [DEBUG] cheese - null
[2021-12-20T18:06:26.838] [DEBUG] cheese - null
[2021-12-20T18:09:53.893] [DEBUG] cheese - null
[2021-12-20T18:09:55.836] [DEBUG] cheese - null
[2021-12-21T08:54:52.578] [DEBUG] cheese - login => username:admin,password:123456
[2021-12-21T08:54:52.580] [DEBUG] cheese - admin
[2021-12-21T08:54:52.646] [DEBUG] cheese - null
[2021-12-21T08:54:52.647] [DEBUG] cheese - null
[2021-12-21T09:38:05.176] [DEBUG] cheese - login => username:admin,password:123456
[2021-12-21T09:38:05.183] [DEBUG] cheese - admin
[2021-12-21T09:38:05.199] [DEBUG] cheese - null
[2021-12-21T09:38:05.200] [DEBUG] cheese - null
[2021-12-21T14:11:27.139] [DEBUG] cheese - login => username:admin,password:123456
[2021-12-21T14:11:27.141] [DEBUG] cheese - admin
[2021-12-21T14:11:27.168] [DEBUG] cheese - null
[2021-12-21T14:11:27.169] [DEBUG] cheese - null
[2021-12-21T19:39:52.005] [DEBUG] cheese - login => username:admin,password:123456
[2021-12-21T19:39:52.008] [DEBUG] cheese - admin
[2021-12-21T19:39:52.035] [DEBUG] cheese - null
[2021-12-21T19:39:52.036] [DEBUG] cheese - null
[2021-12-22T08:41:56.804] [DEBUG] cheese - login => username:admin,password:123456
[2021-12-22T08:41:56.806] [DEBUG] cheese - admin
[2021-12-22T08:41:56.872] [DEBUG] cheese - null
[2021-12-22T08:41:56.872] [DEBUG] cheese - null
[2021-12-23T08:52:21.486] [DEBUG] cheese - login => username:admin,password:123456
[2021-12-23T08:52:21.491] [DEBUG] cheese - admin
[2021-12-23T08:52:21.548] [DEBUG] cheese - null
[2021-12-23T08:52:21.549] [DEBUG] cheese - null
[2021-12-23T11:07:07.947] [DEBUG] cheese - login => username:admin,password:123456
[2021-12-23T11:07:07.951] [DEBUG] cheese - admin
[2021-12-23T11:07:08.058] [DEBUG] cheese - null
[2021-12-23T11:07:08.058] [DEBUG] cheese - null
[2021-12-23T13:58:43.652] [DEBUG] cheese - login => username:admin,password:123456
[2021-12-23T13:58:43.653] [DEBUG] cheese - admin
[2021-12-23T13:58:43.695] [DEBUG] cheese - null
[2021-12-23T13:58:43.696] [DEBUG] cheese - null
[2021-12-23T14:22:57.093] [DEBUG] cheese - login => username:admin,password:123456
[2021-12-23T14:22:57.093] [DEBUG] cheese - admin
[2021-12-23T14:22:57.099] [DEBUG] cheese - null
[2021-12-23T14:22:57.100] [DEBUG] cheese - null
[2021-12-24T08:42:11.786] [DEBUG] cheese - login => username:admin,password:123456
[2021-12-24T08:42:11.788] [DEBUG] cheese - admin
[2021-12-24T08:42:11.814] [DEBUG] cheese - null
[2021-12-24T08:42:11.815] [DEBUG] cheese - null
[2021-12-24T15:55:17.224] [DEBUG] cheese - login => username:admin,password:123456
[2021-12-24T15:55:17.229] [DEBUG] cheese - admin
[2021-12-24T15:55:17.283] [DEBUG] cheese - null
[2021-12-24T15:55:17.285] [DEBUG] cheese - null
[2021-12-25T10:50:59.791] [DEBUG] cheese - login => username:admin,password:123456
[2021-12-25T10:50:59.793] [DEBUG] cheese - admin
[2021-12-25T10:50:59.808] [DEBUG] cheese - null
[2021-12-25T10:50:59.809] [DEBUG] cheese - null
[2021-12-25T14:21:06.549] [DEBUG] cheese - login => username:admin,password:123456
[2021-12-25T14:21:06.554] [DEBUG] cheese - admin
[2021-12-25T14:21:06.591] [DEBUG] cheese - null
[2021-12-25T14:21:06.593] [DEBUG] cheese - null
[2021-12-27T08:37:51.237] [DEBUG] cheese - login => username:admin,password:123456
[2021-12-27T08:37:51.239] [DEBUG] cheese - admin
[2021-12-27T08:37:51.284] [DEBUG] cheese - null
[2021-12-27T08:37:51.285] [DEBUG] cheese - null
[2021-12-27T14:00:52.216] [DEBUG] cheese - login => username:admin,password:123456
[2021-12-27T14:00:52.219] [DEBUG] cheese - admin
[2021-12-27T14:00:52.235] [DEBUG] cheese - null
[2021-12-27T14:00:52.236] [DEBUG] cheese - null
[2021-12-28T09:04:35.382] [DEBUG] cheese - login => username:admin,password:123456
[2021-12-28T09:04:35.384] [DEBUG] cheese - admin
[2021-12-28T09:04:35.397] [DEBUG] cheese - null
[2021-12-28T09:04:35.397] [DEBUG] cheese - null
[2021-12-28T13:45:23.913] [DEBUG] cheese - login => username:admin,password:123456
[2021-12-28T13:45:23.917] [DEBUG] cheese - admin
[2021-12-28T13:45:23.937] [DEBUG] cheese - null
[2021-12-28T13:45:23.938] [DEBUG] cheese - null
[2021-12-28T18:13:09.678] [DEBUG] cheese - login => username:admin,password:123456
[2021-12-28T18:13:09.684] [DEBUG] cheese - admin
[2021-12-28T18:13:09.696] [DEBUG] cheese - null
[2021-12-28T18:13:09.697] [DEBUG] cheese - null
[2021-12-29T09:28:48.530] [DEBUG] cheese - login => username:admin,password:123456
[2021-12-29T09:28:48.537] [DEBUG] cheese - admin
[2021-12-29T09:28:48.657] [DEBUG] cheese - null
[2021-12-29T09:28:48.658] [DEBUG] cheese - null
[2021-12-29T13:11:16.465] [DEBUG] cheese - login => username:admin,password:123456
[2021-12-29T13:11:16.470] [DEBUG] cheese - admin
[2021-12-29T13:11:16.527] [DEBUG] cheese - null
[2021-12-29T13:11:16.529] [DEBUG] cheese - null
[2021-12-29T13:52:12.705] [DEBUG] cheese - login => username:admin,password:123456
[2021-12-29T13:52:12.709] [DEBUG] cheese - admin
[2021-12-29T13:52:12.719] [DEBUG] cheese - null
[2021-12-29T13:52:12.721] [DEBUG] cheese - null
[2021-12-30T08:49:57.859] [DEBUG] cheese - login => username:admin,password:123456
[2021-12-30T08:49:57.860] [DEBUG] cheese - admin
[2021-12-30T08:49:57.876] [DEBUG] cheese - null
[2021-12-30T08:49:57.877] [DEBUG] cheese - null
[2021-12-30T08:50:23.255] [DEBUG] cheese - login => username:admin,password:123456
[2021-12-30T08:50:23.256] [DEBUG] cheese - admin
[2021-12-30T08:50:23.263] [DEBUG] cheese - null
[2021-12-30T08:50:23.263] [DEBUG] cheese - null
[2021-12-30T08:51:04.964] [DEBUG] cheese - login => username:admin,password:123456
[2021-12-30T08:51:04.965] [DEBUG] cheese - admin
[2021-12-30T08:51:04.972] [DEBUG] cheese - null
[2021-12-30T08:51:04.972] [DEBUG] cheese - null
[2021-12-30T08:51:14.405] [DEBUG] cheese - login => username:admin,password:123456
[2021-12-30T08:51:14.405] [DEBUG] cheese - admin
[2021-12-30T08:51:14.409] [DEBUG] cheese - null
[2021-12-30T08:51:14.409] [DEBUG] cheese - null
[2021-12-30T12:58:29.134] [DEBUG] cheese - login => username:admin,password:123456
[2021-12-30T12:58:29.138] [DEBUG] cheese - admin
[2021-12-30T12:58:29.163] [DEBUG] cheese - null
[2021-12-30T12:58:29.164] [DEBUG] cheese - null
[2021-12-30T13:10:03.550] [DEBUG] cheese - login => username:admin,password:123456
[2021-12-30T13:10:03.556] [DEBUG] cheese - admin
[2021-12-30T13:10:03.564] [DEBUG] cheese - null
[2021-12-30T13:10:03.566] [DEBUG] cheese - null
[2021-12-30T13:18:19.794] [DEBUG] cheese - login => username:admin,password:123456
[2021-12-30T13:18:19.795] [DEBUG] cheese - admin
[2021-12-30T13:18:19.800] [DEBUG] cheese - null
[2021-12-30T13:18:19.800] [DEBUG] cheese - null
[2021-12-30T13:29:02.591] [DEBUG] cheese - login => username:admin,password:123456
[2021-12-30T13:29:02.596] [DEBUG] cheese - admin
[2021-12-30T13:29:02.605] [DEBUG] cheese - null
[2021-12-30T13:29:02.607] [DEBUG] cheese - null
[2021-12-30T15:25:13.562] [DEBUG] cheese - login => username:admin,password:123456
[2021-12-30T15:25:13.568] [DEBUG] cheese - admin
[2021-12-30T15:25:13.578] [DEBUG] cheese - null
[2021-12-30T15:25:13.580] [DEBUG] cheese - null
[2021-12-30T16:56:02.531] [DEBUG] cheese - login => username:admin,password:123456
[2021-12-30T16:56:02.537] [DEBUG] cheese - admin
[2021-12-30T16:56:02.547] [DEBUG] cheese - null
[2021-12-30T16:56:02.548] [DEBUG] cheese - null
[2021-12-30T19:21:48.009] [DEBUG] cheese - login => username:admin,password:123456
[2021-12-30T19:21:48.022] [DEBUG] cheese - admin
[2021-12-30T19:21:48.054] [DEBUG] cheese - null
[2021-12-30T19:21:48.056] [DEBUG] cheese - null
[2021-12-31T08:40:40.931] [DEBUG] cheese - login => username:admin,password:123456
[2021-12-31T08:40:40.933] [DEBUG] cheese - admin
[2021-12-31T08:40:40.951] [DEBUG] cheese - null
[2021-12-31T08:40:40.952] [DEBUG] cheese - null
[2022-01-06T12:52:18.788] [DEBUG] cheese - login => username:admin,password:123456
[2022-01-06T12:52:18.791] [DEBUG] cheese - admin
[2022-01-06T12:52:18.807] [DEBUG] cheese - null
[2022-01-06T12:52:18.808] [DEBUG] cheese - null
[2022-01-07T13:12:21.407] [DEBUG] cheese - login => username:admin,password:123456
[2022-01-07T13:12:21.408] [DEBUG] cheese - admin
[2022-01-07T13:12:21.422] [DEBUG] cheese - null
[2022-01-07T13:12:21.423] [DEBUG] cheese - null
[2022-01-12T17:43:18.254] [DEBUG] cheese - login => username:admin,password:123456
[2022-01-12T17:43:18.256] [DEBUG] cheese - admin
[2022-01-12T17:43:18.301] [DEBUG] cheese - null
[2022-01-12T17:43:18.302] [DEBUG] cheese - null
[2022-01-13T14:02:21.671] [DEBUG] cheese - login => username:admin,password:123456
[2022-01-13T14:02:21.672] [DEBUG] cheese - admin
[2022-01-13T14:02:21.719] [DEBUG] cheese - null
[2022-01-13T14:02:21.720] [DEBUG] cheese - null
[2022-01-13T17:38:49.568] [DEBUG] cheese - null
[2022-01-13T17:44:55.909] [DEBUG] cheese - null
[2022-01-14T16:01:09.388] [DEBUG] cheese - login => username:admin,password:123456
[2022-01-14T16:01:09.389] [DEBUG] cheese - admin
[2022-01-14T16:01:09.409] [DEBUG] cheese - null
[2022-01-14T16:01:09.410] [DEBUG] cheese - null
[2022-01-14T16:02:18.294] [DEBUG] cheese - null
[2022-01-14T16:19:11.258] [DEBUG] cheese - login => username:admin,password:123456
[2022-01-14T16:19:11.263] [DEBUG] cheese - admin
[2022-01-14T16:19:11.279] [DEBUG] cheese - null
[2022-01-14T16:19:11.281] [DEBUG] cheese - null
[2022-01-14T17:16:21.586] [DEBUG] cheese - login => username:admin,password:123456
[2022-01-14T17:16:21.587] [DEBUG] cheese - admin
[2022-01-14T17:16:21.592] [DEBUG] cheese - null
[2022-01-14T17:16:21.593] [DEBUG] cheese - null
[2022-01-14T17:28:04.706] [DEBUG] cheese - login => username:admin,password:123456
[2022-01-14T17:28:04.707] [DEBUG] cheese - admin
[2022-01-14T17:28:04.711] [DEBUG] cheese - null
[2022-01-14T17:28:04.712] [DEBUG] cheese - null
[2022-01-14T17:30:08.136] [DEBUG] cheese - login => username:admin,password:123456
[2022-01-14T17:30:08.136] [DEBUG] cheese - admin
[2022-01-14T17:30:08.138] [DEBUG] cheese - null
[2022-01-14T17:30:08.138] [DEBUG] cheese - null
[2022-01-14T23:19:57.767] [DEBUG] cheese - login => username:admin,password:123456
[2022-01-14T23:19:57.773] [DEBUG] cheese - admin
[2022-01-14T23:19:57.787] [DEBUG] cheese - null
[2022-01-14T23:19:57.789] [DEBUG] cheese - null
[2022-01-14T23:20:25.574] [DEBUG] cheese - login => username:admindas,password:123456
[2022-01-14T23:20:25.574] [DEBUG] cheese - admindas
[2022-01-14T23:20:25.581] [DEBUG] cheese - null
[2022-01-14T23:20:25.582] [DEBUG] cheese - null
[2022-01-14T23:20:31.901] [DEBUG] cheese - login => username:admin,password:123456
[2022-01-14T23:20:31.901] [DEBUG] cheese - admin
[2022-01-14T23:20:31.908] [DEBUG] cheese - null
[2022-01-14T23:20:31.908] [DEBUG] cheese - null
[2022-01-14T23:25:15.330] [DEBUG] cheese - null
[2022-01-14T23:25:18.892] [DEBUG] cheese - null
[2022-01-14T23:25:21.031] [DEBUG] cheese - null
[2022-01-14T23:28:41.771] [DEBUG] cheese - login => username:admin,password:123456
[2022-01-14T23:28:41.777] [DEBUG] cheese - admin
[2022-01-14T23:28:41.789] [DEBUG] cheese - null
[2022-01-14T23:28:41.791] [DEBUG] cheese - null
[2022-01-14T23:29:33.125] [DEBUG] cheese - login => username:admin,password:123456
[2022-01-14T23:29:33.125] [DEBUG] cheese - admin
[2022-01-14T23:29:33.130] [DEBUG] cheese - null
[2022-01-14T23:29:33.130] [DEBUG] cheese - null
[2022-01-14T23:32:54.103] [DEBUG] cheese - null
[2022-01-15T00:00:16.571] [DEBUG] cheese - login => username:admin1,password:123456
[2022-01-15T00:00:16.572] [DEBUG] cheese - admin1
[2022-01-15T00:00:16.579] [DEBUG] cheese - null
[2022-01-15T00:00:16.579] [DEBUG] cheese - null
[2022-01-15T00:00:22.252] [DEBUG] cheese - login => username:admin1,password:123456
[2022-01-15T00:00:22.252] [DEBUG] cheese - admin1
[2022-01-15T00:00:22.258] [DEBUG] cheese - null
[2022-01-15T00:00:22.258] [DEBUG] cheese - null
[2022-01-15T00:01:22.848] [DEBUG] cheese - login => username:admin1,password:123456
[2022-01-15T00:01:22.848] [DEBUG] cheese - admin1
[2022-01-15T00:01:22.855] [DEBUG] cheese - null
[2022-01-15T00:01:22.855] [DEBUG] cheese - null
[2022-01-15T00:01:54.351] [DEBUG] cheese - login => username:admin,password:123456
[2022-01-15T00:01:54.351] [DEBUG] cheese - admin
[2022-01-15T00:01:54.357] [DEBUG] cheese - null
[2022-01-15T00:01:54.357] [DEBUG] cheese - null
[2022-01-15T14:16:22.262] [DEBUG] cheese - login => username:admin,password:123456
[2022-01-15T14:16:22.265] [DEBUG] cheese - admin
[2022-01-15T14:16:22.283] [DEBUG] cheese - null
[2022-01-15T14:16:22.283] [DEBUG] cheese - null
[2022-01-15T14:16:30.624] [DEBUG] cheese - login => username:admin,password:123456
[2022-01-15T14:16:30.624] [DEBUG] cheese - admin
[2022-01-15T14:16:30.627] [DEBUG] cheese - null
[2022-01-15T14:16:30.627] [DEBUG] cheese - null
[2022-01-15T17:55:32.988] [DEBUG] cheese - login => username:admin,password:123456
[2022-01-15T17:55:32.993] [DEBUG] cheese - admin
[2022-01-15T17:55:33.019] [DEBUG] cheese - null
[2022-01-15T17:55:33.019] [DEBUG] cheese - null
[2022-01-15T17:58:13.473] [DEBUG] cheese - null
[2022-01-15T17:58:45.485] [DEBUG] cheese - null
[2022-01-15T18:30:45.842] [DEBUG] cheese - null
[2022-01-15T18:31:01.988] [DEBUG] cheese - null
[2022-01-15T18:31:12.249] [DEBUG] cheese - null
[2022-01-15T18:32:03.939] [DEBUG] cheese - null
[2022-01-15T18:33:07.267] [DEBUG] cheese - null
[2022-01-15T18:33:40.041] [DEBUG] cheese - null
[2022-01-15T18:44:49.839] [DEBUG] cheese - null
[2022-01-15T18:46:07.989] [DEBUG] cheese - null
[2022-01-15T18:50:57.844] [DEBUG] cheese - null
[2022-01-15T18:51:51.902] [DEBUG] cheese - null
[2022-01-15T18:53:05.301] [DEBUG] cheese - null
[2022-01-15T18:53:34.551] [DEBUG] cheese - null
[2022-01-15T18:54:51.640] [DEBUG] cheese - null
[2022-01-17T16:22:04.871] [DEBUG] cheese - login => username:admin,password:123456
[2022-01-17T16:22:04.873] [DEBUG] cheese - admin
[2022-01-17T16:22:04.937] [DEBUG] cheese - null
[2022-01-17T16:22:04.938] [DEBUG] cheese - null
[2022-01-17T16:22:47.798] [DEBUG] cheese - login => username:admin,password:123456
[2022-01-17T16:22:47.799] [DEBUG] cheese - admin
[2022-01-17T16:22:47.802] [DEBUG] cheese - null
[2022-01-17T16:22:47.803] [DEBUG] cheese - null
[2022-01-17T16:23:12.116] [DEBUG] cheese - null
[2022-01-17T16:23:39.600] [DEBUG] cheese - null
[2022-01-17T16:24:24.967] [DEBUG] cheese - null
[2022-01-17T16:43:12.169] [DEBUG] cheese - null
[2022-01-17T17:03:40.802] [DEBUG] cheese - null
[2022-01-17T17:05:15.485] [DEBUG] cheese - null
[2022-01-17T17:06:32.995] [DEBUG] cheese - null
[2022-01-17T17:06:55.556] [DEBUG] cheese - null
[2022-01-17T17:07:05.998] [DEBUG] cheese - null
[2022-01-17T17:07:31.023] [DEBUG] cheese - null
[2022-01-17T17:21:40.146] [DEBUG] cheese - null
[2022-01-17T17:22:40.512] [DEBUG] cheese - null
[2022-01-17T17:22:47.903] [DEBUG] cheese - login => username:admin,password:123456
[2022-01-17T17:22:47.903] [DEBUG] cheese - admin
[2022-01-17T17:22:47.915] [DEBUG] cheese - null
[2022-01-17T17:22:47.916] [DEBUG] cheese - null
[2022-01-17T17:23:38.852] [DEBUG] cheese - null
[2022-01-18T09:21:12.334] [DEBUG] cheese - login => username:admin,password:123456
[2022-01-18T09:21:12.337] [DEBUG] cheese - admin
[2022-01-18T09:21:12.363] [DEBUG] cheese - null
[2022-01-18T09:21:12.364] [DEBUG] cheese - null
[2022-01-18T09:21:26.454] [DEBUG] cheese - null
[2022-01-18T12:17:19.562] [DEBUG] cheese - login => username:admin,password:123456
[2022-01-18T12:17:19.565] [DEBUG] cheese - admin
[2022-01-18T12:17:19.580] [DEBUG] cheese - null
[2022-01-18T12:17:19.581] [DEBUG] cheese - null
[2022-01-18T14:09:14.663] [DEBUG] cheese - null
[2022-01-18T14:12:51.861] [DEBUG] cheese - null
[2022-01-18T14:15:39.400] [DEBUG] cheese - login => username:admin,password:123456
[2022-01-18T14:15:39.401] [DEBUG] cheese - admin
[2022-01-18T14:15:39.414] [DEBUG] cheese - null
[2022-01-18T14:15:39.415] [DEBUG] cheese - null
[2022-01-18T14:29:24.125] [DEBUG] cheese - null
[2022-01-18T14:29:48.692] [DEBUG] cheese - null
[2022-01-26T14:10:15.084] [DEBUG] cheese - login => username:admin,password:123456
[2022-01-26T14:10:15.086] [DEBUG] cheese - admin
[2022-01-26T14:10:15.099] [DEBUG] cheese - null
[2022-01-26T14:10:15.100] [DEBUG] cheese - null
[2022-01-26T16:58:24.918] [DEBUG] cheese - login => username:admin,password:123456
[2022-01-26T16:58:24.928] [DEBUG] cheese - admin
[2022-01-26T16:58:24.937] [DEBUG] cheese - null
[2022-01-26T16:58:24.940] [DEBUG] cheese - null
[2022-01-26T18:29:49.009] [DEBUG] cheese - login => username:admin,password:123456
[2022-01-26T18:29:49.014] [DEBUG] cheese - admin
[2022-01-26T18:29:49.031] [DEBUG] cheese - null
[2022-01-26T18:29:49.034] [DEBUG] cheese - null
[2022-01-26T18:50:21.357] [DEBUG] cheese - login => username:admin,password:123456
[2022-01-26T18:50:21.364] [DEBUG] cheese - admin
[2022-01-26T18:50:21.387] [DEBUG] cheese - null
[2022-01-26T18:50:21.389] [DEBUG] cheese - null
[2022-01-26T19:36:40.904] [DEBUG] cheese - login => username:admin,password:123456
[2022-01-26T19:36:40.905] [DEBUG] cheese - admin
[2022-01-26T19:36:40.920] [DEBUG] cheese - null
[2022-01-26T19:36:40.920] [DEBUG] cheese - null
[2022-01-27T14:36:44.229] [DEBUG] cheese - login => username:admin,password:123456
[2022-01-27T14:36:44.232] [DEBUG] cheese - admin
[2022-01-27T14:36:44.246] [DEBUG] cheese - null
[2022-01-27T14:36:44.246] [DEBUG] cheese - null
[2022-01-27T14:46:27.191] [DEBUG] cheese - login => username:admin,password:123456
[2022-01-27T14:46:27.200] [DEBUG] cheese - admin
[2022-01-27T14:46:27.215] [DEBUG] cheese - null
[2022-01-27T14:46:27.217] [DEBUG] cheese - null
[2022-01-27T14:50:48.342] [DEBUG] cheese - login => username:admin,password:123456
[2022-01-27T14:50:48.343] [DEBUG] cheese - admin
[2022-01-27T14:50:48.352] [DEBUG] cheese - null
[2022-01-27T14:50:48.353] [DEBUG] cheese - null
[2022-01-27T14:50:54.414] [DEBUG] cheese - login => username:admin,password:123456
[2022-01-27T14:50:54.414] [DEBUG] cheese - admin
[2022-01-27T14:50:54.421] [DEBUG] cheese - null
[2022-01-27T14:50:54.422] [DEBUG] cheese - null
[2022-01-27T14:51:00.881] [DEBUG] cheese - login => username:admin,password:123456
[2022-01-27T14:51:00.882] [DEBUG] cheese - admin
[2022-01-27T14:51:00.893] [DEBUG] cheese - null
[2022-01-27T14:51:00.894] [DEBUG] cheese - null
[2022-01-27T14:51:44.533] [DEBUG] cheese - login => username:admin,password:123456
[2022-01-27T14:51:44.534] [DEBUG] cheese - admin
[2022-01-27T14:51:44.541] [DEBUG] cheese - null
[2022-01-27T14:51:44.541] [DEBUG] cheese - null
[2022-01-27T15:02:29.253] [DEBUG] cheese - login => username:admin,password:123456
[2022-01-27T15:02:29.259] [DEBUG] cheese - admin
[2022-01-27T15:02:29.268] [DEBUG] cheese - null
[2022-01-27T15:02:29.270] [DEBUG] cheese - null
[2022-01-27T15:21:10.102] [DEBUG] cheese - login => username:admin,password:123456
[2022-01-27T15:21:10.111] [DEBUG] cheese - admin
[2022-01-27T15:21:10.132] [DEBUG] cheese - null
[2022-01-27T15:21:10.133] [DEBUG] cheese - null
[2022-01-27T15:24:52.617] [DEBUG] cheese - login => username:admin,password:123456
[2022-01-27T15:24:52.618] [DEBUG] cheese - admin
[2022-01-27T15:24:52.626] [DEBUG] cheese - null
[2022-01-27T15:24:52.627] [DEBUG] cheese - null
[2022-01-27T15:29:23.717] [DEBUG] cheese - null
[2022-01-28T15:19:25.624] [DEBUG] cheese - login => username:admin,password:123456
[2022-01-28T15:19:25.626] [DEBUG] cheese - admin
[2022-01-28T15:19:25.651] [DEBUG] cheese - null
[2022-01-28T15:19:25.652] [DEBUG] cheese - null
[2022-01-28T16:11:38.644] [DEBUG] cheese - login => username:admin,password:123456
[2022-01-28T16:11:38.648] [DEBUG] cheese - admin
[2022-01-28T16:11:38.657] [DEBUG] cheese - null
[2022-01-28T16:11:38.657] [DEBUG] cheese - null
[2022-01-28T16:41:17.369] [DEBUG] cheese - login => username:admin,password:123456
[2022-01-28T16:41:17.372] [DEBUG] cheese - admin
[2022-01-28T16:41:17.385] [DEBUG] cheese - null
[2022-01-28T16:41:17.386] [DEBUG] cheese - null
[2022-01-28T16:52:37.580] [DEBUG] cheese - login => username:admin,password:123456
[2022-01-28T16:52:37.581] [DEBUG] cheese - admin
[2022-01-28T16:52:37.593] [DEBUG] cheese - null
[2022-01-28T16:52:37.594] [DEBUG] cheese - null
[2022-01-28T17:49:18.428] [DEBUG] cheese - login => username:admin,password:123456
[2022-01-28T17:49:18.441] [DEBUG] cheese - admin
[2022-01-28T17:49:18.480] [DEBUG] cheese - null
[2022-01-28T17:49:18.482] [DEBUG] cheese - null
[2022-01-28T17:51:25.682] [DEBUG] cheese - login => username:admin,password:123456
[2022-01-28T17:51:25.691] [DEBUG] cheese - admin
[2022-01-28T17:51:25.702] [DEBUG] cheese - null
[2022-01-28T17:51:25.705] [DEBUG] cheese - null
[2022-01-28T18:59:32.269] [DEBUG] cheese - login => username:admin,password:123456
[2022-01-28T18:59:32.274] [DEBUG] cheese - admin
[2022-01-28T18:59:32.369] [DEBUG] cheese - null
[2022-01-28T18:59:32.371] [DEBUG] cheese - null
[2022-01-28T20:46:42.456] [DEBUG] cheese - login => username:admin,password:123456
[2022-01-28T20:46:42.466] [DEBUG] cheese - admin
[2022-01-28T20:46:42.495] [DEBUG] cheese - null
[2022-01-28T20:46:42.495] [DEBUG] cheese - null
[2022-01-28T21:22:37.571] [DEBUG] cheese - login => username:admin,password:123456
[2022-01-28T21:22:37.580] [DEBUG] cheese - admin
[2022-01-28T21:22:37.591] [DEBUG] cheese - null
[2022-01-28T21:22:37.594] [DEBUG] cheese - null
[2022-01-28T21:22:49.573] [DEBUG] cheese - login => username:admin,password:123456
[2022-01-28T21:22:49.573] [DEBUG] cheese - admin
[2022-01-28T21:22:49.582] [DEBUG] cheese - null
[2022-01-28T21:22:49.583] [DEBUG] cheese - null
[2022-01-28T22:18:51.973] [DEBUG] cheese - login => username:admin,password:123456
[2022-01-28T22:18:51.979] [DEBUG] cheese - admin
[2022-01-28T22:18:51.998] [DEBUG] cheese - null
[2022-01-28T22:18:52.000] [DEBUG] cheese - null
[2022-01-28T22:29:16.030] [DEBUG] cheese - login => username:admin,password:123456
[2022-01-28T22:29:16.034] [DEBUG] cheese - admin
[2022-01-28T22:29:16.074] [DEBUG] cheese - null
[2022-01-28T22:29:16.076] [DEBUG] cheese - null
[2022-01-28T22:30:48.855] [DEBUG] cheese - login => username:admin,password:123456
[2022-01-28T22:30:48.856] [DEBUG] cheese - admin
[2022-01-28T22:30:48.864] [DEBUG] cheese - null
[2022-01-28T22:30:48.864] [DEBUG] cheese - null
[2022-01-28T22:32:27.968] [DEBUG] cheese - login => username:admin,password:123456
[2022-01-28T22:32:27.969] [DEBUG] cheese - admin
[2022-01-28T22:32:27.976] [DEBUG] cheese - null
[2022-01-28T22:32:27.976] [DEBUG] cheese - null
[2022-01-30T10:02:46.190] [DEBUG] cheese - login => username:admin,password:123456
[2022-01-30T10:02:46.196] [DEBUG] cheese - admin
[2022-01-30T10:02:46.235] [DEBUG] cheese - null
[2022-01-30T10:02:46.238] [DEBUG] cheese - null
[2022-01-30T10:06:10.748] [DEBUG] cheese - login => username:admin,password:123456
[2022-01-30T10:06:10.749] [DEBUG] cheese - admin
[2022-01-30T10:06:10.761] [DEBUG] cheese - null
[2022-01-30T10:06:10.762] [DEBUG] cheese - null
[2022-01-30T10:12:49.977] [DEBUG] cheese - login => username:admin,password:123456
[2022-01-30T10:12:49.978] [DEBUG] cheese - admin
[2022-01-30T10:12:49.989] [DEBUG] cheese - null
[2022-01-30T10:12:49.990] [DEBUG] cheese - null
[2022-01-30T10:18:59.224] [DEBUG] cheese - login => username:admin,password:123456
[2022-01-30T10:18:59.230] [DEBUG] cheese - admin
[2022-01-30T10:18:59.269] [DEBUG] cheese - null
[2022-01-30T10:18:59.271] [DEBUG] cheese - null
[2022-01-30T10:32:40.073] [DEBUG] cheese - login => username:admin,password:123456
[2022-01-30T10:32:40.075] [DEBUG] cheese - admin
[2022-01-30T10:32:40.087] [DEBUG] cheese - null
[2022-01-30T10:32:40.087] [DEBUG] cheese - null
[2022-01-30T10:35:31.245] [DEBUG] cheese - login => username:admin,password:123456
[2022-01-30T10:35:31.247] [DEBUG] cheese - admin
[2022-01-30T10:35:31.288] [DEBUG] cheese - null
[2022-01-30T10:35:31.289] [DEBUG] cheese - null
[2022-01-30T11:06:31.030] [DEBUG] cheese - login => username:admin,password:123456
[2022-01-30T11:06:31.033] [DEBUG] cheese - admin
[2022-01-30T11:06:31.052] [DEBUG] cheese - null
[2022-01-30T11:06:31.053] [DEBUG] cheese - null
[2022-01-30T11:08:05.515] [DEBUG] cheese - login => username:admin,password:123456
[2022-01-30T11:08:05.516] [DEBUG] cheese - admin
[2022-01-30T11:08:05.561] [DEBUG] cheese - null
[2022-01-30T11:08:05.562] [DEBUG] cheese - null
[2022-01-30T11:08:36.815] [DEBUG] cheese - login => username:admin,password:123456
[2022-01-30T11:08:36.815] [DEBUG] cheese - admin
[2022-01-30T11:08:36.820] [DEBUG] cheese - null
[2022-01-30T11:08:36.820] [DEBUG] cheese - null
[2022-01-30T11:25:44.167] [DEBUG] cheese - login => username:admin,password:123456
[2022-01-30T11:25:44.173] [DEBUG] cheese - admin
[2022-01-30T11:25:44.218] [DEBUG] cheese - null
[2022-01-30T11:25:44.219] [DEBUG] cheese - null
[2022-01-30T11:26:33.958] [DEBUG] cheese - login => username:admin,password:123456
[2022-01-30T11:26:33.964] [DEBUG] cheese - admin
[2022-01-30T11:26:33.976] [DEBUG] cheese - null
[2022-01-30T11:26:33.977] [DEBUG] cheese - null
[2022-02-04T18:53:04.402] [DEBUG] cheese - login => username:admin,password:123456
[2022-02-04T18:53:04.403] [DEBUG] cheese - admin
[2022-02-04T18:53:04.417] [DEBUG] cheese - null
[2022-02-04T18:53:04.418] [DEBUG] cheese - null
[2022-02-20T14:30:30.737] [DEBUG] cheese - login => username:admin,password:123456
[2022-02-20T14:30:30.741] [DEBUG] cheese - admin
[2022-02-20T14:30:30.796] [DEBUG] cheese - null
[2022-02-20T14:30:30.797] [DEBUG] cheese - null
[2022-02-20T15:05:12.935] [DEBUG] cheese - login => username:admin,password:123456
[2022-02-20T15:05:12.938] [DEBUG] cheese - admin
[2022-02-20T15:05:12.963] [DEBUG] cheese - null
[2022-02-20T15:05:12.964] [DEBUG] cheese - null
[2022-02-20T15:05:20.157] [DEBUG] cheese - login => username:admin,password:123456
[2022-02-20T15:05:20.157] [DEBUG] cheese - admin
[2022-02-20T15:05:20.165] [DEBUG] cheese - null
[2022-02-20T15:05:20.165] [DEBUG] cheese - null
[2022-02-23T15:46:56.855] [DEBUG] cheese - login => username:admin,password:123456
[2022-02-23T15:46:56.861] [DEBUG] cheese - admin
[2022-02-23T15:46:56.915] [DEBUG] cheese - null
[2022-02-23T15:46:56.917] [DEBUG] cheese - null
[2022-02-24T10:27:19.216] [DEBUG] cheese - login => username:admin,password:123456
[2022-02-24T10:27:19.219] [DEBUG] cheese - admin
[2022-02-24T10:27:19.236] [DEBUG] cheese - null
[2022-02-24T10:27:19.237] [DEBUG] cheese - null
[2022-03-08T22:39:03.399] [DEBUG] cheese - login => username:admin,password:123456
[2022-03-08T22:39:03.401] [DEBUG] cheese - admin
[2022-03-08T22:39:03.485] [DEBUG] cheese - null
[2022-03-08T22:39:03.486] [DEBUG] cheese - null
[2022-04-06T22:07:00.060] [DEBUG] cheese - login => username:admin,password:123456
[2022-04-06T22:07:00.068] [DEBUG] cheese - admin
[2022-04-06T22:07:00.191] [DEBUG] cheese - null
[2022-04-06T22:07:00.194] [DEBUG] cheese - null
[2022-04-06T22:07:25.726] [DEBUG] cheese - login => username:admin,password:123456
[2022-04-06T22:07:25.727] [DEBUG] cheese - admin
[2022-04-06T22:07:25.736] [DEBUG] cheese - null
[2022-04-06T22:07:25.737] [DEBUG] cheese - null
[2022-04-09T23:20:18.553] [DEBUG] cheese - login => username:admin,password:123456
[2022-04-09T23:20:18.554] [DEBUG] cheese - admin
[2022-04-09T23:20:18.619] [DEBUG] cheese - null
[2022-04-09T23:20:18.619] [DEBUG] cheese - null
[2022-04-09T23:24:25.766] [DEBUG] cheese - login => username:admin,password:123456
[2022-04-09T23:24:25.772] [DEBUG] cheese - admin
[2022-04-09T23:24:25.814] [DEBUG] cheese - null
[2022-04-09T23:24:25.816] [DEBUG] cheese - null
[2022-04-09T23:26:24.856] [DEBUG] cheese - login => username:admin,password:123456
[2022-04-09T23:26:24.857] [DEBUG] cheese - admin
[2022-04-09T23:26:24.865] [DEBUG] cheese - null
[2022-04-09T23:26:24.865] [DEBUG] cheese - null
[2022-04-09T23:26:52.215] [DEBUG] cheese - login => username:admin,password:123456
[2022-04-09T23:26:52.216] [DEBUG] cheese - admin
[2022-04-09T23:26:52.220] [DEBUG] cheese - null
[2022-04-09T23:26:52.220] [DEBUG] cheese - null
[2022-05-07T19:47:31.995] [DEBUG] cheese - login => username:admin,password:123456
[2022-05-07T19:47:31.997] [DEBUG] cheese - admin
[2022-05-07T19:47:32.073] [DEBUG] cheese - null
[2022-05-07T19:47:32.073] [DEBUG] cheese - null
[2022-05-07T19:48:57.195] [DEBUG] cheese - login => username:admin,password:123456
[2022-05-07T19:48:57.197] [DEBUG] cheese - admin
[2022-05-07T19:48:57.202] [DEBUG] cheese - null
[2022-05-07T19:48:57.203] [DEBUG] cheese - null
[2022-05-07T19:53:02.232] [DEBUG] cheese - login => username:admin,password:123456
[2022-05-07T19:53:02.233] [DEBUG] cheese - admin
[2022-05-07T19:53:02.239] [DEBUG] cheese - null
[2022-05-07T19:53:02.240] [DEBUG] cheese - null
[2022-05-07T19:57:24.441] [DEBUG] cheese - login => username:admin,password:123456
[2022-05-07T19:57:24.444] [DEBUG] cheese - admin
[2022-05-07T19:57:24.448] [DEBUG] cheese - null
[2022-05-07T19:57:24.449] [DEBUG] cheese - null
[2022-05-07T20:09:22.568] [DEBUG] cheese - login => username:admin,password:123456
[2022-05-07T20:09:22.571] [DEBUG] cheese - admin
[2022-05-07T20:09:22.588] [DEBUG] cheese - null
[2022-05-07T20:09:22.589] [DEBUG] cheese - null
[2022-05-07T20:10:07.368] [DEBUG] cheese - login => username:admin,password:123456
[2022-05-07T20:10:07.369] [DEBUG] cheese - admin
[2022-05-07T20:10:07.372] [DEBUG] cheese - null
[2022-05-07T20:10:07.373] [DEBUG] cheese - null
[2022-05-07T20:11:37.766] [DEBUG] cheese - login => username:admin,password:123456
[2022-05-07T20:11:37.767] [DEBUG] cheese - admin
[2022-05-07T20:11:37.770] [DEBUG] cheese - null
[2022-05-07T20:11:37.770] [DEBUG] cheese - null
[2022-05-07T20:12:33.024] [DEBUG] cheese - login => username:admin,password:123456
[2022-05-07T20:12:33.024] [DEBUG] cheese - admin
[2022-05-07T20:12:33.027] [DEBUG] cheese - null
[2022-05-07T20:12:33.027] [DEBUG] cheese - null
